<?xml version="1.0" encoding="UTF-8"?>
<testsuite xmlns:xsi="http://www.w3.org/2001/XMLSchema-instance" xsi:noNamespaceSchemaLocation="https://maven.apache.org/surefire/maven-surefire-plugin/xsd/surefire-test-report.xsd" name="BurgerTest" time="0.05" tests="11" errors="0" skipped="0" failures="0">
  <properties>
[...]
</properties>
  <testcase name="getPriceAddsIngredientPrices" classname="BurgerTest" time="0.027"/>
  <testcase name="getPrice_throws_whenBunIsNull" classname="BurgerTest" time="0.003"/>
  <testcase name="getReceiptContainsPrice" classname="BurgerTest" time="0.003"/>
  <testcase name="getPriceReturnsDoubleBunPriceWhenNoIngredients" classname="BurgerTest" time="0.001"/>
  <testcase name="getReceiptThrowsWhenBunIsNull" classname="BurgerTest" time="0.002"/>
  <testcase name="moveIngredient_throwsForInvalidIndex" classname="BurgerTest" time="0.002"/>
  <testcase name="getReceiptContainsBunName" classname="BurgerTest" time="0.002"/>
  <testcase name="getReceipt_containsIngredientInLowercase" classname="BurgerTest" time="0.003"/>
  <testcase name="removeIngredientDecreasesSize" classname="BurgerTest" time="0.002"/>
  <testcase name="removeIngredient_throwsForEmptyList" classname="BurgerTest" time="0.002"/>
  <testcase name="moveIngredientChangesOrder" classname="BurgerTest" time="0.002"/>
</testsuite>